<?xml version="1.0" encoding="utf-8"?><testsuites><testsuite name="pytest" errors="0" failures="0" skipped="0" tests="15" time="21.964" timestamp="2025-09-11T21:27:07.377198+02:00" hostname="Lutzs-MacBook-Pro.local"><testcase classname="tests.test_rag.TestRagAPI" name="test_ask" time="3.728" /><testcase classname="tests.test_stt.TestSttAPI" name="test_transcribe_mono" time="1.148" /><testcase classname="tests.test_stt.TestSttAPI" name="test_transcribe_stereo" time="1.096" /><testcase classname="tests.test_stt.TestSttAPI" name="test_transcribe_mp3" time="2.057" /><testcase classname="tests.test_stt.TestStt" name="test_transcribe_english_mono" time="1.117" /><testcase classname="tests.test_stt.TestStt" name="test_transcribe_english_stereo" time="1.120" /><testcase classname="tests.test_stt.TestStt" name="test_transcribe_french_mp3" time="1.974" /><testcase classname="tests.test_stt.TestStt" name="test_transcribe_kabye_should_be_empty" time="6.094" /><testcase classname="tests.test_tts.TestTtsAPI" name="test_synthesize" time="0.428" /><testcase classname="tests.test_tts.TestTts" name="test_synthesize_some_data_en" time="0.411" /><testcase classname="tests.test_tts.TestTts" name="test_synthesize_some_data_fr" time="0.348" /><testcase classname="tests.test_tts.TestTts" name="test_create_wav" time="0.413" /><testcase classname="tests.test_tts.TestTts" name="test_create_wave_header" time="0.000" /><testcase classname="tests.test_tts.TestTts" name="test_generate_streaming_wave" time="0.423" /><testcase classname="tests.test_weather.TestWeatherAPI" name="test_weather_text" time="0.740" /></testsuite></testsuites>